<?xml version="1.0" encoding="UTF-8"?>
<!-- Generated by org.testng.reporters.JUnitReportReporter -->
<testsuite hostname="0814" name="TestTopQTeamWorkWeb" tests="1" failures="0" timestamp="24 Dec 2015 14:49:21 GMT" time="22.299" errors="0">
  <testcase name="CreateNewTask" time="22.299" classname="TestTopQTeamWorkWeb"/>
</testsuite> <!-- TestTopQTeamWorkWeb -->
