<?xml version="1.0" encoding="UTF-8"?>
<!-- Generated by org.testng.reporters.JUnitReportReporter -->
<testsuite hostname="0814" name="com.TestSimpleNotes" tests="1" failures="0" timestamp="30 Dec 2015 09:14:27 GMT" time="49.897" errors="0">
  <testcase name="testAddNewNote" time="49.897" classname="com.TestSimpleNotes"/>
</testsuite> <!-- com.TestSimpleNotes -->
