<?xml version="1.0" encoding="UTF-8"?>
<!-- Generated by org.testng.reporters.JUnitReportReporter -->
<testsuite hostname="0814" name="com.TestSimpleNotes" tests="1" failures="0" timestamp="30 Dec 2015 09:52:57 GMT" time="15.647" errors="0">
  <testcase name="testAddNewNote" time="15.647" classname="com.TestSimpleNotes"/>
</testsuite> <!-- com.TestSimpleNotes -->
